<?xml version="1.0" encoding="UTF-8"?>
<!-- Generated by org.testng.reporters.JUnitReportReporter -->
<testsuite hostname="LAPTOP-A9TE65J8" failures="0" tests="1" name="example.NewTest" time="4.884" errors="0" timestamp="2024-04-02T23:45:18 IST" skipped="0">
  <testcase classname="example.NewTest" name="testYouTubeTitle" time="4.884"/>
  <system-out/>
</testsuite> <!-- example.NewTest -->
